<?xml version="1.0" encoding="UTF-8"?>
<!-- Generated by org.testng.reporters.JUnitReportReporter -->
<testsuite hostname="sumo-HP-EliteBook-840-G4" failures="0" tests="6" name="user.getvehicle" time="2.861" errors="0" timestamp="2022-11-08T14:56:46 IST" skipped="1">
  <testcase classname="user.getvehicle" name="valid" time="2.323"/>
  <system-out/>
  <testcase classname="user.getvehicle" name="invalid_Methodname" time="0.116"/>
  <system-out/>
  <testcase classname="user.getvehicle" name="invalid_uri" time="0.159"/>
  <system-out/>
  <testcase classname="user.getvehicle" name="no_token" time="0.103"/>
  <system-out/>
  <testcase classname="user.getvehicle" name="invalid_token" time="0.160"/>
  <system-out/>
  <testcase classname="user.getvehicle" name="no_uri">
    <skipped/>
  </testcase> <!-- no_uri -->
  <system-out/>
</testsuite> <!-- user.getvehicle -->
