<?xml version="1.0" encoding="UTF-8"?>
<!-- Generated by org.testng.reporters.JUnitReportReporter -->
<testsuite hostname="sumo-HP-EliteBook-840-G4" failures="0" tests="7" name="user.profileread" time="2.490" errors="0" timestamp="2022-11-08T14:59:53 IST" skipped="0">
  <testcase classname="user.profileread" name="valid" time="1.711"/>
  <system-out/>
  <testcase classname="user.profileread" name="invalid_Methodname" time="0.143"/>
  <system-out/>
  <testcase classname="user.profileread" name="invalid_uri" time="0.153"/>
  <system-out/>
  <testcase classname="user.profileread" name="invalid_body" time="0.106"/>
  <system-out/>
  <testcase classname="user.profileread" name="no_body" time="0.112"/>
  <system-out/>
  <testcase classname="user.profileread" name="no_token" time="0.160"/>
  <system-out/>
  <testcase classname="user.profileread" name="invalid_token" time="0.105"/>
  <system-out/>
</testsuite> <!-- user.profileread -->
