<?xml version="1.0" encoding="UTF-8"?>
<!-- Generated by org.testng.reporters.JUnitReportReporter -->
<testsuite hostname="sumo-HP-EliteBook-840-G4" failures="0" tests="6" name="user.otplogin" time="2.250" errors="0" timestamp="2022-11-08T14:58:22 IST" skipped="1">
  <testcase classname="user.otplogin" name="mobileotplogin_invalid_method" time="0.173"/>
  <system-out/>
  <testcase classname="user.otplogin" name="mobileotplogin_valid" time="0.132"/>
  <system-out/>
  <testcase classname="user.otplogin" name="mobileotplogin_empty_body" time="1.691"/>
  <system-out/>
  <testcase classname="user.otplogin" name="mobileotplogin_invalid_body" time="0.152"/>
  <system-out/>
  <testcase classname="user.otplogin" name="mobileotplogin_invalid_uri" time="0.102"/>
  <system-out/>
  <testcase classname="user.otplogin" name="mobileotplogin_no_uri">
    <skipped/>
  </testcase> <!-- mobileotplogin_no_uri -->
  <system-out/>
</testsuite> <!-- user.otplogin -->
